GROUP,PACKAGE,CLASS,INSTRUCTION_MISSED,INSTRUCTION_COVERED,BRANCH_MISSED,BRANCH_COVERED,LINE_MISSED,LINE_COVERED,COMPLEXITY_MISSED,COMPLEXITY_COVERED,METHOD_MISSED,METHOD_COVERED
markitect-liquibase-coverage/markitect-liquibase-base,dev.markitect.liquibase.base,Runnables,0,5,0,0,0,1,0,1,0,1
markitect-liquibase-coverage/markitect-liquibase-base,dev.markitect.liquibase.base,Preconditions,0,84,0,18,0,21,0,15,0,6
markitect-liquibase-coverage/markitect-liquibase-base,dev.markitect.liquibase.base,Verify,0,34,0,8,0,12,0,8,0,4
markitect-liquibase-coverage/markitect-liquibase-base,dev.markitect.liquibase.base,VerifyException,0,16,0,0,0,7,0,4,0,4
markitect-liquibase-coverage/markitect-liquibase-base,dev.markitect.liquibase.base,Runnables.RunOnceRunnable,0,27,0,0,0,8,0,3,0,3
markitect-liquibase-coverage/markitect-liquibase-base,dev.markitect.liquibase.base,Suppliers.MemoizedSupplier,0,29,0,0,0,5,0,3,0,3
markitect-liquibase-coverage/markitect-liquibase-base,dev.markitect.liquibase.base,Suppliers,0,5,0,0,0,1,0,1,0,1
markitect-liquibase-coverage/markitect-liquibase-core,dev.markitect.liquibase.database.hsqldb,MarkitectHsqlDatabase,0,38,0,0,0,8,0,8,0,8
markitect-liquibase-coverage/markitect-liquibase-core,dev.markitect.liquibase,ScopeManagerHelper,0,24,0,0,0,8,0,5,0,5
markitect-liquibase-coverage/markitect-liquibase-core,dev.markitect.liquibase.database.h2,MarkitectH2Database,0,48,0,2,0,10,0,10,0,9
markitect-liquibase-coverage/markitect-liquibase-core,dev.markitect.liquibase.structure,Structures,0,13,0,4,0,2,0,3,0,1
markitect-liquibase-coverage/markitect-liquibase-core,dev.markitect.liquibase.precondition,ConnectionCatalogPrecondition,0,80,0,2,0,22,0,9,0,8
markitect-liquibase-coverage/markitect-liquibase-core,dev.markitect.liquibase.precondition,CatalogExistsPrecondition,15,54,1,1,2,18,1,8,0,8
markitect-liquibase-coverage/markitect-liquibase-core,dev.markitect.liquibase.precondition,SchemaExistsPrecondition,0,95,0,2,0,26,0,11,0,10
markitect-liquibase-coverage/markitect-liquibase-core,dev.markitect.liquibase.statement,CatalogExistsStatement,0,10,0,0,0,4,0,3,0,3
markitect-liquibase-coverage/markitect-liquibase-core,dev.markitect.liquibase.statement,InsertOrUpdateExecutablePreparedStatement,17,23,0,0,4,7,2,2,2,2
markitect-liquibase-coverage/markitect-liquibase-core,dev.markitect.liquibase.statement,SchemaExistsStatement,0,17,0,0,0,7,0,5,0,5
markitect-liquibase-coverage/markitect-liquibase-core,dev.markitect.liquibase.statement,SetIdentityInsertStatement.IdentityInsert,15,0,0,0,3,0,1,0,1,0
markitect-liquibase-coverage/markitect-liquibase-core,dev.markitect.liquibase.statement,DropSchemaStatement,0,17,0,0,0,7,0,5,0,5
markitect-liquibase-coverage/markitect-liquibase-core,dev.markitect.liquibase.statement,DropDatabaseStatement,0,10,0,0,0,4,0,3,0,3
markitect-liquibase-coverage/markitect-liquibase-core,dev.markitect.liquibase.statement,CreateDatabaseStatement,0,10,0,0,0,4,0,3,0,3
markitect-liquibase-coverage/markitect-liquibase-core,dev.markitect.liquibase.statement,CreateSchemaStatement,0,17,0,0,0,7,0,5,0,5
markitect-liquibase-coverage/markitect-liquibase-core,dev.markitect.liquibase.statement,SetIdentityInsertStatement,31,0,0,0,11,0,6,0,6,0
markitect-liquibase-coverage/markitect-liquibase-core,dev.markitect.liquibase.statement,InsertOrUpdateExecutablePreparedStatement.PreparedSql,3,28,0,0,1,5,1,2,1,2
markitect-liquibase-coverage/markitect-liquibase-core,dev.markitect.liquibase.change,DropSchemaChange,0,85,0,0,0,21,0,8,0,8
markitect-liquibase-coverage/markitect-liquibase-core,dev.markitect.liquibase.change,DropDatabaseChange,0,53,0,0,0,12,0,6,0,6
markitect-liquibase-coverage/markitect-liquibase-core,dev.markitect.liquibase.change,MarkitectLoadUpdateDataChange,47,52,0,2,9,8,2,6,2,5
markitect-liquibase-coverage/markitect-liquibase-core,dev.markitect.liquibase.change,MarkitectInsertDataChangeMssql,62,9,2,0,13,3,5,2,4,2
markitect-liquibase-coverage/markitect-liquibase-core,dev.markitect.liquibase.change,CreateDatabaseChange,0,53,0,0,0,12,0,6,0,6
markitect-liquibase-coverage/markitect-liquibase-core,dev.markitect.liquibase.change,MarkitectLoadDataChangeMssql,62,9,2,0,13,3,5,2,4,2
markitect-liquibase-coverage/markitect-liquibase-core,dev.markitect.liquibase.change,MarkitectLoadDataChange,0,32,0,10,0,3,0,9,0,4
markitect-liquibase-coverage/markitect-liquibase-core,dev.markitect.liquibase.change,CreateSchemaChange,0,85,0,0,0,21,0,8,0,8
markitect-liquibase-coverage/markitect-liquibase-core,dev.markitect.liquibase.change,MarkitectLoadUpdateDataChangeMssql,62,9,2,0,13,3,5,2,4,2
markitect-liquibase-coverage/markitect-liquibase-core,dev.markitect.liquibase.sqlgenerator,CreateDatabaseGenerator,0,76,0,4,0,16,0,6,0,4
markitect-liquibase-coverage/markitect-liquibase-core,dev.markitect.liquibase.sqlgenerator,MarkitectInsertOrUpdateGenerator.ColumnValue,41,0,0,0,14,0,7,0,7,0
markitect-liquibase-coverage/markitect-liquibase-core,dev.markitect.liquibase.sqlgenerator,MarkitectInsertOrUpdateGeneratorH2,100,8,0,0,22,2,4,2,4,2
markitect-liquibase-coverage/markitect-liquibase-core,dev.markitect.liquibase.sqlgenerator,MarkitectInsertOrUpdateGenerator,196,0,10,0,51,0,13,0,8,0
markitect-liquibase-coverage/markitect-liquibase-core,dev.markitect.liquibase.sqlgenerator,DropSchemaGenerator,0,97,0,8,0,19,0,8,0,4
markitect-liquibase-coverage/markitect-liquibase-core,dev.markitect.liquibase.sqlgenerator,CatalogExistsGenerator,0,95,0,6,0,24,0,7,0,4
markitect-liquibase-coverage/markitect-liquibase-core,dev.markitect.liquibase.sqlgenerator,MarkitectInsertOrUpdateGeneratorHsql,162,3,4,0,37,1,9,1,7,1
markitect-liquibase-coverage/markitect-liquibase-core,dev.markitect.liquibase.sqlgenerator,DropDatabaseGenerator,0,76,0,4,0,16,0,6,0,4
markitect-liquibase-coverage/markitect-liquibase-core,dev.markitect.liquibase.sqlgenerator,CreateSchemaGenerator,0,97,0,8,0,19,0,8,0,4
markitect-liquibase-coverage/markitect-liquibase-core,dev.markitect.liquibase.sqlgenerator,InsertOrUpdateExecutablePreparedStatementGenerator,24,3,0,0,8,1,2,1,2,1
markitect-liquibase-coverage/markitect-liquibase-core,dev.markitect.liquibase.sqlgenerator,MarkitectInsertOrUpdateGeneratorMssql,170,3,4,0,39,1,9,1,7,1
markitect-liquibase-coverage/markitect-liquibase-core,dev.markitect.liquibase.sqlgenerator,SchemaExistsGenerator,0,150,0,16,0,37,0,12,0,4
markitect-liquibase-coverage/markitect-liquibase-core,dev.markitect.liquibase.sqlgenerator,MarkitectInsertOrUpdateGeneratorPostgres,153,3,4,0,36,1,9,1,7,1
markitect-liquibase-coverage/markitect-liquibase-core,dev.markitect.liquibase.sqlgenerator,SetIdentityInsertGenerator,82,3,0,0,19,1,3,1,3,1
markitect-liquibase-coverage/markitect-liquibase-core,dev.markitect.liquibase.database,MarkitectOfflineConnection,0,31,0,4,0,8,0,7,0,5
markitect-liquibase-coverage/markitect-liquibase-core,dev.markitect.liquibase.database,OfflineConnectionBuilder,0,251,0,10,0,38,0,17,0,12
markitect-liquibase-coverage/markitect-liquibase-core,dev.markitect.liquibase.database,DatabaseConnectionBuilder,35,64,0,2,4,14,3,6,3,5
markitect-liquibase-coverage/markitect-liquibase-core,dev.markitect.liquibase.database,MarkitectDatabase,0,225,0,68,0,60,0,42,0,8
markitect-liquibase-coverage/markitect-liquibase-core,dev.markitect.liquibase.database,DatabaseBuilder,22,162,1,9,3,33,2,12,1,8
markitect-liquibase-coverage/markitect-liquibase-core,dev.markitect.liquibase.database,Databases,27,62,1,11,10,18,1,7,0,2
markitect-liquibase-coverage/markitect-liquibase-core,dev.markitect.liquibase.util,Strings,0,16,0,2,0,3,0,3,0,2
markitect-liquibase-coverage/markitect-liquibase-core,dev.markitect.liquibase.database.postgresql,MarkitectPostgresDatabase,0,38,0,0,0,8,0,8,0,8
markitect-liquibase-coverage/markitect-liquibase-core,dev.markitect.liquibase.database.mssql,MarkitectMssqlDatabase,0,40,0,0,0,9,0,9,0,9
markitect-liquibase-coverage/markitect-liquibase-logging,dev.markitect.liquibase.logging,LoggerAdapter.Slf4jAdapter,0,19,0,2,0,4,0,2,0,1
markitect-liquibase-coverage/markitect-liquibase-logging,dev.markitect.liquibase.logging,Slf4jLocationAwareLogger,0,183,0,8,0,41,0,20,0,16
markitect-liquibase-coverage/markitect-liquibase-logging,dev.markitect.liquibase.logging,MarkitectLogService,0,12,0,0,0,4,0,3,0,3
markitect-liquibase-coverage/markitect-liquibase-logging,dev.markitect.liquibase.logging,LoggerAdapter,0,45,2,9,0,18,2,7,0,3
markitect-liquibase-coverage/markitect-liquibase-logging,dev.markitect.liquibase.logging,LoggerAdapter.LoggingApi,0,21,0,0,0,4,0,1,0,1
markitect-liquibase-coverage/markitect-liquibase-logging,dev.markitect.liquibase.logging,LoggerAdapter.Log4jAdapter,0,13,0,0,0,3,0,2,0,2
markitect-liquibase-coverage/markitect-liquibase-logging,dev.markitect.liquibase.logging,Log4jLogger,0,168,0,8,0,47,0,21,0,17
markitect-liquibase-coverage/markitect-liquibase-logging,dev.markitect.liquibase.logging,LoggerAdapter.JulAdapter,0,5,0,0,0,1,0,1,0,1
markitect-liquibase-coverage/markitect-liquibase-logging,dev.markitect.liquibase.logging,JulLogger,0,100,0,4,0,33,0,10,0,8
markitect-liquibase-coverage/markitect-liquibase-logging,dev.markitect.liquibase.logging,Slf4jLogger,0,136,0,8,0,44,0,20,0,16
markitect-liquibase-coverage/markitect-liquibase-spring,dev.markitect.liquibase.spring,SpringEnvironmentHolder,0,19,0,0,0,7,0,4,0,4
markitect-liquibase-coverage/markitect-liquibase-spring,dev.markitect.liquibase.spring,MarkitectSpringLiquibase,0,26,0,0,0,9,0,4,0,4
markitect-liquibase-coverage/markitect-liquibase-spring,dev.markitect.liquibase.spring,SpringEnvironmentValueProvider,0,64,0,0,0,17,0,7,0,7
markitect-liquibase-coverage/markitect-liquibase-spring,dev.markitect.liquibase.spring,SpringLiquibaseBeanPostProcessor,0,49,0,8,0,18,0,9,0,5
markitect-liquibase-coverage/markitect-liquibase-spring-boot-starter,dev.markitect.liquibase.spring.boot.autoconfigure,MarkitectLiquibaseAutoConfiguration.LiquibaseAutoConfigurationRuntimeHints,0,9,0,0,0,3,0,2,0,2
markitect-liquibase-coverage/markitect-liquibase-spring-boot-starter,dev.markitect.liquibase.spring.boot.autoconfigure,MarkitectLiquibaseAutoConfiguration,0,5,0,0,0,1,0,1,0,1
markitect-liquibase-coverage/markitect-liquibase-spring-boot-starter,dev.markitect.liquibase.spring.boot.autoconfigure,MarkitectLiquibaseAutoConfiguration.LiquibaseDataSourceCondition,0,4,0,0,0,2,0,1,0,1
markitect-liquibase-coverage/markitect-liquibase-spring-boot-starter,dev.markitect.liquibase.spring.boot.autoconfigure,MarkitectLiquibaseAutoConfiguration.MarkitectLiquibaseConfiguration,0,201,0,8,0,57,0,10,0,6
markitect-liquibase-coverage/markitect-liquibase-spring-boot-starter,dev.markitect.liquibase.spring.boot.autoconfigure,MarkitectLiquibaseAutoConfiguration.PropertiesLiquibaseConnectionDetails,0,34,0,0,0,9,0,6,0,6
markitect-liquibase-coverage/markitect-liquibase-spring-boot-starter,dev.markitect.liquibase.spring.boot.autoconfigure,MarkitectLiquibaseProperties,0,35,0,0,0,12,0,8,0,8
